Performing C SOURCE FILE Test CMAKE_HAVE_LIBC_PTHREAD failed with the following output:
Change Dir: /home/auyez/projects/psnl/nolgraph/build/CMakeFiles/CMakeTmp

Run Build Command(s):/usr/bin/gmake cmTC_427a4/fast && /usr/bin/gmake  -f CMakeFiles/cmTC_427a4.dir/build.make CMakeFiles/cmTC_427a4.dir/build
gmake[1]: Entering directory '/home/auyez/projects/psnl/nolgraph/build/CMakeFiles/CMakeTmp'
Building C object CMakeFiles/cmTC_427a4.dir/src.c.o
/usr/bin/clang   -DCMAKE_HAVE_LIBC_PTHREAD   -o CMakeFiles/cmTC_427a4.dir/src.c.o   -c /home/auyez/projects/psnl/nolgraph/build/CMakeFiles/CMakeTmp/src.c
Linking C executable cmTC_427a4
/usr/bin/cmake -E cmake_link_script CMakeFiles/cmTC_427a4.dir/link.txt --verbose=1
/usr/bin/clang  -DCMAKE_HAVE_LIBC_PTHREAD    CMakeFiles/cmTC_427a4.dir/src.c.o  -o cmTC_427a4 
/usr/bin/ld: CMakeFiles/cmTC_427a4.dir/src.c.o: in function `main':
src.c:(.text+0x35): undefined reference to `pthread_create'
/usr/bin/ld: src.c:(.text+0x41): undefined reference to `pthread_detach'
/usr/bin/ld: src.c:(.text+0x4d): undefined reference to `pthread_cancel'
/usr/bin/ld: src.c:(.text+0x5f): undefined reference to `pthread_join'
clang-8: error: linker command failed with exit code 1 (use -v to see invocation)
gmake[1]: *** [CMakeFiles/cmTC_427a4.dir/build.make:107: cmTC_427a4] Error 1
gmake[1]: Leaving directory '/home/auyez/projects/psnl/nolgraph/build/CMakeFiles/CMakeTmp'
gmake: *** [Makefile:141: cmTC_427a4/fast] Error 2


Source file was:
#include <pthread.h>

void* test_func(void* data)
{
  return data;
}

int main(void)
{
  pthread_t thread;
  pthread_create(&thread, NULL, test_func, NULL);
  pthread_detach(thread);
  pthread_cancel(thread);
  pthread_join(thread, NULL);
  pthread_atfork(NULL, NULL, NULL);
  pthread_exit(NULL);

  return 0;
}

Determining if the function pthread_create exists in the pthreads failed with the following output:
Change Dir: /home/auyez/projects/psnl/nolgraph/build/CMakeFiles/CMakeTmp

Run Build Command(s):/usr/bin/gmake cmTC_9d3b0/fast && /usr/bin/gmake  -f CMakeFiles/cmTC_9d3b0.dir/build.make CMakeFiles/cmTC_9d3b0.dir/build
gmake[1]: Entering directory '/home/auyez/projects/psnl/nolgraph/build/CMakeFiles/CMakeTmp'
Building C object CMakeFiles/cmTC_9d3b0.dir/CheckFunctionExists.c.o
/usr/bin/clang   -DCHECK_FUNCTION_EXISTS=pthread_create   -o CMakeFiles/cmTC_9d3b0.dir/CheckFunctionExists.c.o   -c /usr/share/cmake/Modules/CheckFunctionExists.c
Linking C executable cmTC_9d3b0
/usr/bin/cmake -E cmake_link_script CMakeFiles/cmTC_9d3b0.dir/link.txt --verbose=1
/usr/bin/clang  -DCHECK_FUNCTION_EXISTS=pthread_create    CMakeFiles/cmTC_9d3b0.dir/CheckFunctionExists.c.o  -o cmTC_9d3b0  -lpthreads 
/usr/bin/ld: cannot find -lpthreads
clang-8: error: linker command failed with exit code 1 (use -v to see invocation)
gmake[1]: *** [CMakeFiles/cmTC_9d3b0.dir/build.make:107: cmTC_9d3b0] Error 1
gmake[1]: Leaving directory '/home/auyez/projects/psnl/nolgraph/build/CMakeFiles/CMakeTmp'
gmake: *** [Makefile:141: cmTC_9d3b0/fast] Error 2



